New GET to: /test
New GET to: /api/v1/productsNew POST to: /api/v1/products
New POST to: /api/v1/products
New POST to: /api/v1/products
New POST to: /api/v1/products
New POST to: /api/v1/products
New POST to: /api/v1/products
New GET to: /api/v1/products
New PUT to: /products/1
New PUT to: /api/v1/products/1
New PUT to: /api/v1/products/1
New PUT to: /api/v1/products/1
New PUT to: /api/v1/products/1
New PUT to: /api/v1/products/1
New PUT to: /api/v1/products/1
New PUT to: /api/v1/products/1
New PUT to: /api/v1/products/1
New GET to: /api/v1/products/1
New PUT to: /api/v1/products/1
New PUT to: /api/v1/products/1
New PUT to: /api/v1/products/1
New PUT to: /api/v1/products/1
New GET to: /api/v1/products
New POST to: /api/v1/register
