Price must be positive number"price" must be a positive number
"name" length must be at least 2 characters long
 [object Object]
"name" length must be at least 2 characters long
 "name" length must be at least 2 characters long
 "name" length must be at least 2 characters long
DBG: Doorman
"price" must be a positive number
wrong credentials
wrong credentials
wrong credentials
Missing Credentials!
Missing Credentials!
Wrong Credentials!
Wrong Credentials!
Wrong Credentials!
Wrong Credentials!
ERROR: Wrong Credentials!
ERROR: Wrong Credentials!
Only admin user has access!
Only admin user has access!
Only admin user has access!
"price" must be a positive number
